<?xml version="1.0" encoding="UTF-8"?>
<robot generator="Robot 6.0.2 (Python 3.11.1 on win32)" generated="20230124 15:17:55.540" rpa="false" schemaversion="3">
<suite id="s1" name="Amazon Teste" source="C:\Users\bfonseal\Desktop\robot\webTesting\amazon_teste.robot">
<test id="s1-t1" name="Casos de Teste 01 - Acesso ao meno &quot;Eletrônicos&quot;" line="9">
<kw name="Abrir o navegador" library="amazon_resources" type="SETUP">
<kw name="Open Browser" library="SeleniumLibrary">
<arg>browser=chrome</arg>
<doc>Opens a new browser instance to the optional ``url``.</doc>
<msg timestamp="20230124 15:17:55.807" level="INFO">Opening browser 'chrome' to base url 'None'.</msg>
<status status="PASS" starttime="20230124 15:17:55.807" endtime="20230124 15:17:57.784"/>
</kw>
<kw name="Maximize Browser Window" library="SeleniumLibrary">
<doc>Maximizes current browser window.</doc>
<status status="PASS" starttime="20230124 15:17:57.785" endtime="20230124 15:17:57.936"/>
</kw>
<status status="PASS" starttime="20230124 15:17:55.806" endtime="20230124 15:17:57.936"/>
</kw>
<kw name="Acessar a home page do site Amazon.com.br" library="amazon_resources">
<kw name="Go To" library="SeleniumLibrary">
<arg>url=${URL}</arg>
<doc>Navigates the current browser window to the provided ``url``.</doc>
<msg timestamp="20230124 15:17:57.937" level="INFO">Opening url 'http://www.amazon.com.br'</msg>
<status status="PASS" starttime="20230124 15:17:57.937" endtime="20230124 15:18:23.513"/>
</kw>
<status status="PASS" starttime="20230124 15:17:57.936" endtime="20230124 15:18:23.513"/>
</kw>
<kw name="Fechar o navegador" library="amazon_resources" type="TEARDOWN">
<kw name="Close Browser" library="SeleniumLibrary">
<doc>Closes the current browser.</doc>
<status status="PASS" starttime="20230124 15:18:23.516" endtime="20230124 15:18:27.533"/>
</kw>
<status status="PASS" starttime="20230124 15:18:23.515" endtime="20230124 15:18:27.534"/>
</kw>
<doc>Esse teste verifica o menu eletrônico do site Amazon.com.br
E verifica a categoria Computadores e Informática</doc>
<tag>categorias</tag>
<tag>menus</tag>
<status status="PASS" starttime="20230124 15:17:55.805" endtime="20230124 15:18:27.535"/>
</test>
<doc>Essa suite testa o site da Amazon.com.br</doc>
<status status="PASS" starttime="20230124 15:17:55.542" endtime="20230124 15:18:27.538"/>
</suite>
<statistics>
<total>
<stat pass="1" fail="0" skip="0">All Tests</stat>
</total>
<tag>
<stat pass="1" fail="0" skip="0">categorias</stat>
<stat pass="1" fail="0" skip="0">menus</stat>
</tag>
<suite>
<stat pass="1" fail="0" skip="0" id="s1" name="Amazon Teste">Amazon Teste</stat>
</suite>
</statistics>
<errors>
</errors>
</robot>
